Using pre-set license
Built from '2020.3/staging' branch; Version is '2020.3.26f1 (7298b473bc1a) revision 7510196'; Using compiler version '192528614'; Build Type 'Release'
OS: 'Windows 10  (10.0.19043) 64bit Professional' Language: 'pt' Physical Memory: 16366 MB
BatchMode: 1, IsHumanControllingUs: 0, StartBugReporterOnCrash: 0, Is64bit: 1, IsPro: 0

COMMAND LINE ARGUMENTS:
C:\Program Files\Unity\Hub\Editor\2020.3.26f1\Editor\Unity.exe
-adb2
-batchMode
-noUpm
-name
AssetImportWorker0
-projectPath
C:/Users/Wesley/projects/unity/Movement
-logFile
Logs/AssetImportWorker0.log
-srvPort
57625
Successfully changed project path to: C:/Users/Wesley/projects/unity/Movement
C:/Users/Wesley/projects/unity/Movement
Using Asset Import Pipeline V2.
Refreshing native plugins compatible for Editor in 54.51 ms, found 2 plugins.
Preloading 0 native plugins for Editor in 0.00 ms.
Initialize engine version: 2020.3.26f1 (7298b473bc1a)
[Subsystems] Discovering subsystems at path C:/Program Files/Unity/Hub/Editor/2020.3.26f1/Editor/Data/Resources/UnitySubsystems
[Subsystems] Discovering subsystems at path C:/Users/Wesley/projects/unity/Movement/Assets
GfxDevice: creating device client; threaded=0
Direct3D:
    Version:  Direct3D 11.0 [level 11.1]
    Renderer: NVIDIA GeForce GTX 1060 3GB (ID=0x1c02)
    Vendor:   
    VRAM:     2988 MB
    Driver:   30.0.15.1123
Initialize mono
Mono path[0] = 'C:/Program Files/Unity/Hub/Editor/2020.3.26f1/Editor/Data/Managed'
Mono path[1] = 'C:/Program Files/Unity/Hub/Editor/2020.3.26f1/Editor/Data/MonoBleedingEdge/lib/mono/unityjit'
Mono config path = 'C:/Program Files/Unity/Hub/Editor/2020.3.26f1/Editor/Data/MonoBleedingEdge/etc'
Using monoOptions --debugger-agent=transport=dt_socket,embedding=1,server=y,suspend=n,address=127.0.0.1:56056
Begin MonoManager ReloadAssembly
Registering precompiled unity dll's ...
Register platform support module: C:/Program Files/Unity/Hub/Editor/2020.3.26f1/Editor/Data/PlaybackEngines/WebGLSupport/UnityEditor.WebGL.Extensions.dll
Register platform support module: C:/Program Files/Unity/Hub/Editor/2020.3.26f1/Editor/Data/PlaybackEngines/WindowsStandaloneSupport/UnityEditor.WindowsStandalone.Extensions.dll
Registered in 0.005463 seconds.
Native extension for WindowsStandalone target not found
Native extension for WebGL target not found
Refreshing native plugins compatible for Editor in 58.87 ms, found 2 plugins.
Preloading 0 native plugins for Editor in 0.00 ms.
Mono: successfully reloaded assembly
- Completed reload, in  0.991 seconds
Domain Reload Profiling:
	ReloadAssembly (992ms)
		BeginReloadAssembly (104ms)
			ExecutionOrderSort (0ms)
			DisableScriptedObjects (0ms)
			BackupInstance (0ms)
			ReleaseScriptingObjects (0ms)
			CreateAndSetChildDomain (1ms)
		EndReloadAssembly (742ms)
			LoadAssemblies (98ms)
			RebuildTransferFunctionScriptingTraits (0ms)
			SetupTypeCache (276ms)
			ReleaseScriptCaches (0ms)
			RebuildScriptCaches (49ms)
			SetupLoadedEditorAssemblies (271ms)
				LogAssemblyErrors (0ms)
				InitializePlatformSupportModulesInManaged (8ms)
				SetLoadedEditorAssemblies (0ms)
				RefreshPlugins (59ms)
				BeforeProcessingInitializeOnLoad (24ms)
				ProcessInitializeOnLoadAttributes (134ms)
				ProcessInitializeOnLoadMethodAttributes (45ms)
				AfterProcessingInitializeOnLoad (0ms)
				EditorAssembliesLoaded (0ms)
			ExecutionOrderSort2 (0ms)
			AwakeInstancesAfterBackupRestoration (0ms)
Platform modules already initialized, skipping
Registering precompiled user dll's ...
Registered in 0.009247 seconds.
Begin MonoManager ReloadAssembly
Native extension for WindowsStandalone target not found
Native extension for WebGL target not found
Refreshing native plugins compatible for Editor in 0.60 ms, found 2 plugins.
Preloading 0 native plugins for Editor in 0.00 ms.
Mono: successfully reloaded assembly
- Completed reload, in  1.821 seconds
Domain Reload Profiling:
	ReloadAssembly (1823ms)
		BeginReloadAssembly (268ms)
			ExecutionOrderSort (0ms)
			DisableScriptedObjects (10ms)
			BackupInstance (0ms)
			ReleaseScriptingObjects (0ms)
			CreateAndSetChildDomain (29ms)
		EndReloadAssembly (1436ms)
			LoadAssemblies (146ms)
			RebuildTransferFunctionScriptingTraits (0ms)
			SetupTypeCache (540ms)
			ReleaseScriptCaches (1ms)
			RebuildScriptCaches (78ms)
			SetupLoadedEditorAssemblies (504ms)
				LogAssemblyErrors (0ms)
				InitializePlatformSupportModulesInManaged (9ms)
				SetLoadedEditorAssemblies (1ms)
				RefreshPlugins (1ms)
				BeforeProcessingInitializeOnLoad (140ms)
				ProcessInitializeOnLoadAttributes (325ms)
				ProcessInitializeOnLoadMethodAttributes (14ms)
				AfterProcessingInitializeOnLoad (15ms)
				EditorAssembliesLoaded (0ms)
			ExecutionOrderSort2 (0ms)
			AwakeInstancesAfterBackupRestoration (11ms)
Platform modules already initialized, skipping
========================================================================
Worker process is ready to serve import requests
Launched and connected shader compiler UnityShaderCompiler.exe after 0.10 seconds
Refreshing native plugins compatible for Editor in 0.53 ms, found 2 plugins.
Preloading 0 native plugins for Editor in 0.00 ms.
Unloading 1503 Unused Serialized files (Serialized files now loaded: 0)
System memory in use before: 67.5 MB.
System memory in use after: 67.5 MB.

Unloading 19 unused Assets to reduce memory usage. Loaded Objects now: 1935.
Total: 3.660200 ms (FindLiveObjects: 0.220600 ms CreateObjectMapping: 0.085400 ms MarkObjects: 3.273800 ms  DeleteObjects: 0.078700 ms)

AssetImportParameters requested are different than current active one (requested -> active):
  custom:framework-win-MediaFoundation: 216162199b28c13a410421893ffa2e32 -> 
  custom:video-decoder-ogg-theora: a1e56fd34408186e4bbccfd4996cb3dc -> 
  custom:container-muxer-webm: aa71ff27fc2769a1b78a27578f13a17b -> 
  custom:container-demuxer-webm: 4f35f7cbe854078d1ac9338744f61a02 -> 
  custom:container-demuxer-ogg: 62fdf1f143b41e24485cea50d1cbac27 -> 
  custom:video-encoder-webm-vp8: eb34c28f22e8b96e1ab97ce403110664 -> 
  custom:video-decoder-webm-vp8: 9c59270c3fd7afecdb556c50c9e8de78 -> 
  custom:audio-decoder-ogg-vorbis: bf7c407c2cedff20999df2af8eb42d56 -> 
  custom:audio-encoder-webm-vorbis: bf7c407c2cedff20999df2af8eb42d56 -> 
========================================================================
Received Import Request.
  path: Assets/Characters/ModularCharacters.fbx
  artifactKey: Guid(7c8f8c9051811b546aa9c8deae6ab002) Importer(815301076,1909f56bfc062723c751e8b465ee728b)
Start importing Assets/Characters/ModularCharacters.fbx using Guid(7c8f8c9051811b546aa9c8deae6ab002) Importer(815301076,1909f56bfc062723c751e8b465ee728b)  -> (artifact id: '2df889a0a63738cd4390ec6de01ea2bc') in 4.604886 seconds 
  Import took 4.634467 seconds .

========================================================================
Received Import Request.
  Time since last request: 56.733877 seconds.
  path: Assets/Characters/ModularCharactersFixedScale.fbx
  artifactKey: Guid(daa7c63f9263188469801a6f106829ed) Importer(815301076,1909f56bfc062723c751e8b465ee728b)
Start importing Assets/Characters/ModularCharactersFixedScale.fbx using Guid(daa7c63f9263188469801a6f106829ed) Importer(815301076,1909f56bfc062723c751e8b465ee728b)  -> (artifact id: 'a43405abfccfc004d0328b7ac2d78819') in 4.056770 seconds 
  Import took 4.089363 seconds .

========================================================================
Received Import Request.
  Time since last request: 28.345903 seconds.
  path: Assets/Characters/ModularCharactersFixedScale.fbx
  artifactKey: Guid(daa7c63f9263188469801a6f106829ed) Importer(815301076,1909f56bfc062723c751e8b465ee728b)
Start importing Assets/Characters/ModularCharactersFixedScale.fbx using Guid(daa7c63f9263188469801a6f106829ed) Importer(815301076,1909f56bfc062723c751e8b465ee728b)  -> (artifact id: '254b0d5aa3bd459c04b1274eb93daa76') in 4.645012 seconds 
  Import took 4.672236 seconds .

========================================================================
Received Import Request.
  Time since last request: 0.000288 seconds.
  path: Assets/Characters/ModularCharacters.fbx
  artifactKey: Guid(7c8f8c9051811b546aa9c8deae6ab002) Importer(815301076,1909f56bfc062723c751e8b465ee728b)
Start importing Assets/Characters/ModularCharacters.fbx using Guid(7c8f8c9051811b546aa9c8deae6ab002) Importer(815301076,1909f56bfc062723c751e8b465ee728b)  -> (artifact id: '09ec57b40d3f345e6fbeba9e247cb12d') in 4.485925 seconds 
  Import took 4.512740 seconds .

========================================================================
Received Import Request.
  Time since last request: 66.911149 seconds.
  path: Assets/Characters/Characters.fbx
  artifactKey: Guid(84ff6d3d351131b45bab42e5f0c12b9b) Importer(815301076,1909f56bfc062723c751e8b465ee728b)
Start importing Assets/Characters/Characters.fbx using Guid(84ff6d3d351131b45bab42e5f0c12b9b) Importer(815301076,1909f56bfc062723c751e8b465ee728b)  -> (artifact id: 'd3c565a4f7c2a6e5ea6805144fdfe1c1') in 0.205039 seconds 
  Import took 0.209475 seconds .

